<?xml version="1.0" encoding="UTF-8"?>
<testng-results ignored="0" total="31" passed="28" failed="3" skipped="0">
  <reporter-output>
  </reporter-output>
  <suite started-at="2022-09-29T22:41:25 IST" name="Suite" finished-at="2022-09-29T22:47:22 IST" duration-ms="356987">
    <groups>
      <group name="Functional">
        <method signature="Login_test.Invalidlogin(java.lang.String,java.lang.String)[pri:1, instance:TestNG_package.Login_test@35aea049]" name="Invalidlogin" class="TestNG_package.Login_test"/>
        <method signature="Login_test.Validlogin()[pri:2, instance:TestNG_package.Login_test@35aea049]" name="Validlogin" class="TestNG_package.Login_test"/>
        <method signature="Logout_test.Logout()[pri:31, instance:TestNG_package.Logout_test@7c24b813]" name="Logout" class="TestNG_package.Logout_test"/>
      </group> <!-- Functional -->
    </groups>
    <test started-at="2022-09-29T22:41:25 IST" name="Test1" finished-at="2022-09-29T22:47:22 IST" duration-ms="356987">
      <class name="TestNG_package.Suppliers_test">
        <test-method signature="Supplierpagelaunch()[pri:18, instance:TestNG_package.Suppliers_test@6cd28fa7]" started-at="2022-09-29T22:44:50 IST" name="Supplierpagelaunch" finished-at="2022-09-29T22:45:07 IST" duration-ms="17668" status="PASS">
          <reporter-output>
          </reporter-output>
        </test-method> <!-- Supplierpagelaunch -->
        <test-method signature="Supplierspagedetails()[pri:19, instance:TestNG_package.Suppliers_test@6cd28fa7]" started-at="2022-09-29T22:45:07 IST" name="Supplierspagedetails" finished-at="2022-09-29T22:45:24 IST" duration-ms="16808" status="PASS">
          <reporter-output>
          </reporter-output>
        </test-method> <!-- Supplierspagedetails -->
        <test-method signature="Suppliersearch()[pri:20, instance:TestNG_package.Suppliers_test@6cd28fa7]" started-at="2022-09-29T22:45:24 IST" name="Suppliersearch" finished-at="2022-09-29T22:45:34 IST" duration-ms="9325" status="PASS">
          <reporter-output>
          </reporter-output>
        </test-method> <!-- Suppliersearch -->
      </class> <!-- TestNG_package.Suppliers_test -->
      <class name="TestNG_package.Settings_test">
        <test-method signature="Settings()[pri:30, instance:TestNG_package.Settings_test@1e04fa0a]" started-at="2022-09-29T22:47:01 IST" name="Settings" finished-at="2022-09-29T22:47:18 IST" duration-ms="17397" status="PASS">
          <reporter-output>
          </reporter-output>
        </test-method> <!-- Settings -->
      </class> <!-- TestNG_package.Settings_test -->
      <class name="TestNG_package.Waiters_test">
        <test-method signature="Waiterspagelaunch()[pri:11, instance:TestNG_package.Waiters_test@5acf93bb]" started-at="2022-09-29T22:44:07 IST" name="Waiterspagelaunch" finished-at="2022-09-29T22:44:25 IST" duration-ms="17821" status="PASS">
          <reporter-output>
          </reporter-output>
        </test-method> <!-- Waiterspagelaunch -->
        <test-method signature="Addwaitersdetails()[pri:12, instance:TestNG_package.Waiters_test@5acf93bb]" started-at="2022-09-29T22:44:25 IST" name="Addwaitersdetails" finished-at="2022-09-29T22:44:31 IST" duration-ms="6373" status="PASS">
          <reporter-output>
          </reporter-output>
        </test-method> <!-- Addwaitersdetails -->
        <test-method signature="Waiterspagedropdowndetails()[pri:13, instance:TestNG_package.Waiters_test@5acf93bb]" started-at="2022-09-29T22:44:31 IST" name="Waiterspagedropdowndetails" finished-at="2022-09-29T22:44:40 IST" duration-ms="9253" status="PASS">
          <reporter-output>
          </reporter-output>
        </test-method> <!-- Waiterspagedropdowndetails -->
        <test-method signature="Waitersearch()[pri:14, instance:TestNG_package.Waiters_test@5acf93bb]" started-at="2022-09-29T22:44:40 IST" name="Waitersearch" finished-at="2022-09-29T22:44:50 IST" duration-ms="9428" status="PASS">
          <reporter-output>
          </reporter-output>
        </test-method> <!-- Waitersearch -->
      </class> <!-- TestNG_package.Waiters_test -->
      <class name="TestNG_package.Logout_test">
        <test-method signature="Logout()[pri:31, instance:TestNG_package.Logout_test@7c24b813]" started-at="2022-09-29T22:47:18 IST" name="Logout" finished-at="2022-09-29T22:47:22 IST" duration-ms="3733" status="PASS">
          <reporter-output>
          </reporter-output>
        </test-method> <!-- Logout -->
        <test-method is-config="true" signature="afterTest()[pri:0, instance:TestNG_package.Logout_test@7c24b813]" started-at="2022-09-29T22:47:22 IST" name="afterTest" finished-at="2022-09-29T22:47:22 IST" duration-ms="388" status="PASS">
          <reporter-output>
          </reporter-output>
        </test-method> <!-- afterTest -->
      </class> <!-- TestNG_package.Logout_test -->
      <class name="TestNG_package.Expense_test">
        <test-method signature="Expensepagelaunch()[pri:23, instance:TestNG_package.Expense_test@614ca7df]" started-at="2022-09-29T22:45:34 IST" name="Expensepagelaunch" finished-at="2022-09-29T22:45:47 IST" duration-ms="13470" status="PASS">
          <reporter-output>
          </reporter-output>
        </test-method> <!-- Expensepagelaunch -->
        <test-method signature="Addexpensedetails()[pri:24, instance:TestNG_package.Expense_test@614ca7df]" started-at="2022-09-29T22:45:47 IST" name="Addexpensedetails" finished-at="2022-09-29T22:45:53 IST" duration-ms="6473" status="PASS">
          <reporter-output>
          </reporter-output>
        </test-method> <!-- Addexpensedetails -->
        <test-method signature="Expensedropdown()[pri:25, instance:TestNG_package.Expense_test@614ca7df]" started-at="2022-09-29T22:45:53 IST" name="Expensedropdown" finished-at="2022-09-29T22:46:04 IST" duration-ms="10685" status="PASS">
          <reporter-output>
          </reporter-output>
        </test-method> <!-- Expensedropdown -->
        <test-method signature="Expensesearch()[pri:26, instance:TestNG_package.Expense_test@614ca7df]" started-at="2022-09-29T22:46:04 IST" name="Expensesearch" finished-at="2022-09-29T22:46:10 IST" duration-ms="6294" status="PASS">
          <reporter-output>
          </reporter-output>
        </test-method> <!-- Expensesearch -->
      </class> <!-- TestNG_package.Expense_test -->
      <class name="TestNG_package.Login_test">
        <test-method is-config="true" signature="beforeTest()[pri:0, instance:TestNG_package.Login_test@35aea049]" started-at="2022-09-29T22:41:25 IST" name="beforeTest" finished-at="2022-09-29T22:41:37 IST" duration-ms="11220" status="PASS">
          <reporter-output>
          </reporter-output>
        </test-method> <!-- beforeTest -->
        <test-method signature="Invalidlogin(java.lang.String,java.lang.String)[pri:1, instance:TestNG_package.Login_test@35aea049]" started-at="2022-09-29T22:41:37 IST" name="Invalidlogin" data-provider="SearchProvider" finished-at="2022-09-29T22:41:50 IST" duration-ms="13177" status="PASS">
          <params>
            <param index="0">
              <value>
                <![CDATA[admin]]>
              </value>
            </param>
            <param index="1">
              <value>
                <![CDATA[7667771111111111111]]>
              </value>
            </param>
          </params>
          <reporter-output>
          </reporter-output>
        </test-method> <!-- Invalidlogin -->
        <test-method signature="Validlogin()[pri:2, instance:TestNG_package.Login_test@35aea049]" started-at="2022-09-29T22:41:50 IST" name="Validlogin" finished-at="2022-09-29T22:42:09 IST" duration-ms="19073" status="PASS">
          <reporter-output>
          </reporter-output>
        </test-method> <!-- Validlogin -->
      </class> <!-- TestNG_package.Login_test -->
      <class name="TestNG_package.Customer_test">
        <test-method signature="Customerpagelaunch()[pri:15, instance:TestNG_package.Customer_test@7e7be63f]" started-at="2022-09-29T22:44:50 IST" name="Customerpagelaunch" finished-at="2022-09-29T22:44:50 IST" duration-ms="16" status="FAIL">
          <exception class="java.lang.NullPointerException">
            <message>
              <![CDATA[Cannot invoke "pageElements.Customerpage.customerpagelaunch()" because "this.objcustomer" is null]]>
            </message>
            <full-stacktrace>
              <![CDATA[java.lang.NullPointerException: Cannot invoke "pageElements.Customerpage.customerpagelaunch()" because "this.objcustomer" is null
at TestNG_package.Customer_test.Customerpagelaunch(Customer_test.java:31)
at java.base/jdk.internal.reflect.NativeMethodAccessorImpl.invoke0(Native Method)
at java.base/jdk.internal.reflect.NativeMethodAccessorImpl.invoke(NativeMethodAccessorImpl.java:77)
at java.base/jdk.internal.reflect.DelegatingMethodAccessorImpl.invoke(DelegatingMethodAccessorImpl.java:43)
at java.base/java.lang.reflect.Method.invoke(Method.java:568)
at org.testng.internal.MethodInvocationHelper.invokeMethod(MethodInvocationHelper.java:133)
at org.testng.internal.TestInvoker.invokeMethod(TestInvoker.java:598)
at org.testng.internal.TestInvoker.invokeTestMethod(TestInvoker.java:173)
at org.testng.internal.MethodRunner.runInSequence(MethodRunner.java:46)
at org.testng.internal.TestInvoker$MethodInvocationAgent.invoke(TestInvoker.java:824)
at org.testng.internal.TestInvoker.invokeTestMethods(TestInvoker.java:146)
at org.testng.internal.TestMethodWorker.invokeTestMethods(TestMethodWorker.java:146)
at org.testng.internal.TestMethodWorker.run(TestMethodWorker.java:128)
at java.base/java.util.ArrayList.forEach(ArrayList.java:1511)
at org.testng.TestRunner.privateRun(TestRunner.java:794)
at org.testng.TestRunner.run(TestRunner.java:596)
at org.testng.SuiteRunner.runTest(SuiteRunner.java:377)
at org.testng.SuiteRunner.runSequentially(SuiteRunner.java:371)
at org.testng.SuiteRunner.privateRun(SuiteRunner.java:332)
at org.testng.SuiteRunner.run(SuiteRunner.java:276)
at org.testng.SuiteRunnerWorker.runSuite(SuiteRunnerWorker.java:53)
at org.testng.SuiteRunnerWorker.run(SuiteRunnerWorker.java:96)
at org.testng.TestNG.runSuitesSequentially(TestNG.java:1212)
at org.testng.TestNG.runSuitesLocally(TestNG.java:1134)
at org.testng.TestNG.runSuites(TestNG.java:1063)
at org.testng.TestNG.run(TestNG.java:1031)
at org.testng.remote.AbstractRemoteTestNG.run(AbstractRemoteTestNG.java:115)
at org.testng.remote.RemoteTestNG.initAndRun(RemoteTestNG.java:251)
at org.testng.remote.RemoteTestNG.main(RemoteTestNG.java:77)
]]>
            </full-stacktrace>
          </exception> <!-- java.lang.NullPointerException -->
          <reporter-output>
          </reporter-output>
        </test-method> <!-- Customerpagelaunch -->
        <test-method signature="Customerpagedetails()[pri:16, instance:TestNG_package.Customer_test@7e7be63f]" started-at="2022-09-29T22:44:50 IST" name="Customerpagedetails" finished-at="2022-09-29T22:44:50 IST" duration-ms="0" status="FAIL">
          <exception class="java.lang.NullPointerException">
            <message>
              <![CDATA[Cannot invoke "pageElements.Customerpage.customerpagedetails()" because "this.objcustomer" is null]]>
            </message>
            <full-stacktrace>
              <![CDATA[java.lang.NullPointerException: Cannot invoke "pageElements.Customerpage.customerpagedetails()" because "this.objcustomer" is null
at TestNG_package.Customer_test.Customerpagedetails(Customer_test.java:40)
at java.base/jdk.internal.reflect.NativeMethodAccessorImpl.invoke0(Native Method)
at java.base/jdk.internal.reflect.NativeMethodAccessorImpl.invoke(NativeMethodAccessorImpl.java:77)
at java.base/jdk.internal.reflect.DelegatingMethodAccessorImpl.invoke(DelegatingMethodAccessorImpl.java:43)
at java.base/java.lang.reflect.Method.invoke(Method.java:568)
at org.testng.internal.MethodInvocationHelper.invokeMethod(MethodInvocationHelper.java:133)
at org.testng.internal.TestInvoker.invokeMethod(TestInvoker.java:598)
at org.testng.internal.TestInvoker.invokeTestMethod(TestInvoker.java:173)
at org.testng.internal.MethodRunner.runInSequence(MethodRunner.java:46)
at org.testng.internal.TestInvoker$MethodInvocationAgent.invoke(TestInvoker.java:824)
at org.testng.internal.TestInvoker.invokeTestMethods(TestInvoker.java:146)
at org.testng.internal.TestMethodWorker.invokeTestMethods(TestMethodWorker.java:146)
at org.testng.internal.TestMethodWorker.run(TestMethodWorker.java:128)
at java.base/java.util.ArrayList.forEach(ArrayList.java:1511)
at org.testng.TestRunner.privateRun(TestRunner.java:794)
at org.testng.TestRunner.run(TestRunner.java:596)
at org.testng.SuiteRunner.runTest(SuiteRunner.java:377)
at org.testng.SuiteRunner.runSequentially(SuiteRunner.java:371)
at org.testng.SuiteRunner.privateRun(SuiteRunner.java:332)
at org.testng.SuiteRunner.run(SuiteRunner.java:276)
at org.testng.SuiteRunnerWorker.runSuite(SuiteRunnerWorker.java:53)
at org.testng.SuiteRunnerWorker.run(SuiteRunnerWorker.java:96)
at org.testng.TestNG.runSuitesSequentially(TestNG.java:1212)
at org.testng.TestNG.runSuitesLocally(TestNG.java:1134)
at org.testng.TestNG.runSuites(TestNG.java:1063)
at org.testng.TestNG.run(TestNG.java:1031)
at org.testng.remote.AbstractRemoteTestNG.run(AbstractRemoteTestNG.java:115)
at org.testng.remote.RemoteTestNG.initAndRun(RemoteTestNG.java:251)
at org.testng.remote.RemoteTestNG.main(RemoteTestNG.java:77)
]]>
            </full-stacktrace>
          </exception> <!-- java.lang.NullPointerException -->
          <reporter-output>
          </reporter-output>
        </test-method> <!-- Customerpagedetails -->
        <test-method signature="Customersearch()[pri:17, instance:TestNG_package.Customer_test@7e7be63f]" started-at="2022-09-29T22:44:50 IST" name="Customersearch" finished-at="2022-09-29T22:44:50 IST" duration-ms="0" status="FAIL">
          <exception class="java.lang.NullPointerException">
            <message>
              <![CDATA[Cannot invoke "pageElements.Customerpage.customersearch()" because "this.objcustomer" is null]]>
            </message>
            <full-stacktrace>
              <![CDATA[java.lang.NullPointerException: Cannot invoke "pageElements.Customerpage.customersearch()" because "this.objcustomer" is null
at TestNG_package.Customer_test.Customersearch(Customer_test.java:50)
at java.base/jdk.internal.reflect.NativeMethodAccessorImpl.invoke0(Native Method)
at java.base/jdk.internal.reflect.NativeMethodAccessorImpl.invoke(NativeMethodAccessorImpl.java:77)
at java.base/jdk.internal.reflect.DelegatingMethodAccessorImpl.invoke(DelegatingMethodAccessorImpl.java:43)
at java.base/java.lang.reflect.Method.invoke(Method.java:568)
at org.testng.internal.MethodInvocationHelper.invokeMethod(MethodInvocationHelper.java:133)
at org.testng.internal.TestInvoker.invokeMethod(TestInvoker.java:598)
at org.testng.internal.TestInvoker.invokeTestMethod(TestInvoker.java:173)
at org.testng.internal.MethodRunner.runInSequence(MethodRunner.java:46)
at org.testng.internal.TestInvoker$MethodInvocationAgent.invoke(TestInvoker.java:824)
at org.testng.internal.TestInvoker.invokeTestMethods(TestInvoker.java:146)
at org.testng.internal.TestMethodWorker.invokeTestMethods(TestMethodWorker.java:146)
at org.testng.internal.TestMethodWorker.run(TestMethodWorker.java:128)
at java.base/java.util.ArrayList.forEach(ArrayList.java:1511)
at org.testng.TestRunner.privateRun(TestRunner.java:794)
at org.testng.TestRunner.run(TestRunner.java:596)
at org.testng.SuiteRunner.runTest(SuiteRunner.java:377)
at org.testng.SuiteRunner.runSequentially(SuiteRunner.java:371)
at org.testng.SuiteRunner.privateRun(SuiteRunner.java:332)
at org.testng.SuiteRunner.run(SuiteRunner.java:276)
at org.testng.SuiteRunnerWorker.runSuite(SuiteRunnerWorker.java:53)
at org.testng.SuiteRunnerWorker.run(SuiteRunnerWorker.java:96)
at org.testng.TestNG.runSuitesSequentially(TestNG.java:1212)
at org.testng.TestNG.runSuitesLocally(TestNG.java:1134)
at org.testng.TestNG.runSuites(TestNG.java:1063)
at org.testng.TestNG.run(TestNG.java:1031)
at org.testng.remote.AbstractRemoteTestNG.run(AbstractRemoteTestNG.java:115)
at org.testng.remote.RemoteTestNG.initAndRun(RemoteTestNG.java:251)
at org.testng.remote.RemoteTestNG.main(RemoteTestNG.java:77)
]]>
            </full-stacktrace>
          </exception> <!-- java.lang.NullPointerException -->
          <reporter-output>
          </reporter-output>
        </test-method> <!-- Customersearch -->
      </class> <!-- TestNG_package.Customer_test -->
      <class name="TestNG_package.Stores_Testcase">
        <test-method signature="Storepagelaunch()[pri:8, instance:TestNG_package.Stores_Testcase@1a18644]" started-at="2022-09-29T22:43:20 IST" name="Storepagelaunch" finished-at="2022-09-29T22:43:39 IST" duration-ms="18972" status="PASS">
          <reporter-output>
          </reporter-output>
        </test-method> <!-- Storepagelaunch -->
        <test-method signature="Storepagedetails()[pri:9, instance:TestNG_package.Stores_Testcase@1a18644]" started-at="2022-09-29T22:43:39 IST" name="Storepagedetails" finished-at="2022-09-29T22:43:57 IST" duration-ms="18626" status="PASS">
          <reporter-output>
          </reporter-output>
        </test-method> <!-- Storepagedetails -->
        <test-method signature="Storepagesearch()[pri:10, instance:TestNG_package.Stores_Testcase@1a18644]" started-at="2022-09-29T22:43:57 IST" name="Storepagesearch" finished-at="2022-09-29T22:44:07 IST" duration-ms="9399" status="PASS">
          <reporter-output>
          </reporter-output>
        </test-method> <!-- Storepagesearch -->
      </class> <!-- TestNG_package.Stores_Testcase -->
      <class name="TestNG_package.Addpdt_test">
        <test-method signature="Productpagelaunch()[pri:3, instance:TestNG_package.Addpdt_test@48f278eb]" started-at="2022-09-29T22:42:09 IST" name="Productpagelaunch" finished-at="2022-09-29T22:42:24 IST" duration-ms="15076" status="PASS">
          <reporter-output>
          </reporter-output>
        </test-method> <!-- Productpagelaunch -->
        <test-method signature="Productpagetextdetails()[pri:4, instance:TestNG_package.Addpdt_test@48f278eb]" started-at="2022-09-29T22:42:24 IST" name="Productpagetextdetails" finished-at="2022-09-29T22:42:40 IST" duration-ms="16242" status="PASS">
          <reporter-output>
          </reporter-output>
        </test-method> <!-- Productpagetextdetails -->
        <test-method signature="Productpagedropdowndetails()[pri:5, instance:TestNG_package.Addpdt_test@48f278eb]" started-at="2022-09-29T22:42:40 IST" name="Productpagedropdowndetails" finished-at="2022-09-29T22:42:56 IST" duration-ms="15840" status="PASS">
          <reporter-output>
          </reporter-output>
        </test-method> <!-- Productpagedropdowndetails -->
        <test-method signature="Productstockpage()[pri:6, instance:TestNG_package.Addpdt_test@48f278eb]" started-at="2022-09-29T22:42:56 IST" name="Productstockpage" finished-at="2022-09-29T22:43:10 IST" duration-ms="14040" status="PASS">
          <reporter-output>
          </reporter-output>
        </test-method> <!-- Productstockpage -->
        <test-method signature="Productsearch()[pri:7, instance:TestNG_package.Addpdt_test@48f278eb]" started-at="2022-09-29T22:43:10 IST" name="Productsearch" finished-at="2022-09-29T22:43:20 IST" duration-ms="9613" status="PASS">
          <reporter-output>
          </reporter-output>
        </test-method> <!-- Productsearch -->
      </class> <!-- TestNG_package.Addpdt_test -->
      <class name="TestNG_package.Categories_test">
        <test-method signature="Categorypagelaunch()[pri:27, instance:TestNG_package.Categories_test@66d3eec0]" started-at="2022-09-29T22:46:24 IST" name="Categorypagelaunch" finished-at="2022-09-29T22:46:43 IST" duration-ms="19025" status="PASS">
          <reporter-output>
          </reporter-output>
        </test-method> <!-- Categorypagelaunch -->
        <test-method signature="Addcategorydetails()[pri:28, instance:TestNG_package.Categories_test@66d3eec0]" started-at="2022-09-29T22:46:43 IST" name="Addcategorydetails" finished-at="2022-09-29T22:46:52 IST" duration-ms="8776" status="PASS">
          <reporter-output>
          </reporter-output>
        </test-method> <!-- Addcategorydetails -->
        <test-method signature="Categorysearch()[pri:29, instance:TestNG_package.Categories_test@66d3eec0]" started-at="2022-09-29T22:46:52 IST" name="Categorysearch" finished-at="2022-09-29T22:47:01 IST" duration-ms="9238" status="PASS">
          <reporter-output>
          </reporter-output>
        </test-method> <!-- Categorysearch -->
      </class> <!-- TestNG_package.Categories_test -->
      <class name="TestNG_package.Sales_test">
        <test-method signature="Salespagelaunch()[pri:21, instance:TestNG_package.Sales_test@4738a206]" started-at="2022-09-29T22:46:10 IST" name="Salespagelaunch" finished-at="2022-09-29T22:46:15 IST" duration-ms="4205" status="PASS">
          <reporter-output>
          </reporter-output>
        </test-method> <!-- Salespagelaunch -->
        <test-method signature="Salessearch()[pri:22, instance:TestNG_package.Sales_test@4738a206]" started-at="2022-09-29T22:46:15 IST" name="Salessearch" finished-at="2022-09-29T22:46:24 IST" duration-ms="9233" status="PASS">
          <reporter-output>
          </reporter-output>
        </test-method> <!-- Salessearch -->
      </class> <!-- TestNG_package.Sales_test -->
    </test> <!-- Test1 -->
  </suite> <!-- Suite -->
</testng-results>
